[rospy.client][INFO] 2020-05-18 21:18:32,752: init_node, name[/controller_spawner], pid[4376]
[xmlrpc][INFO] 2020-05-18 21:18:32,752: XML-RPC server binding to :::0
[xmlrpc][INFO] 2020-05-18 21:18:32,753: binding ipv6 xmlrpc socket to('::', 0)
[xmlrpc][INFO] 2020-05-18 21:18:32,753: bound to ('::', 44269)
[xmlrpc][INFO] 2020-05-18 21:18:32,753: Started XML-RPC server [http://rosdscomputer:44269/]
[rospy.init][INFO] 2020-05-18 21:18:32,753: ROS Slave URI: [http://rosdscomputer:44269/]
[rospy.impl.masterslave][INFO] 2020-05-18 21:18:32,754: _ready: http://rosdscomputer:44269/
[xmlrpc][INFO] 2020-05-18 21:18:32,754: xml rpc node: starting XML-RPC server
[rospy.registration][INFO] 2020-05-18 21:18:32,755: Registering with master node http://master:11311
[rospy.init][INFO] 2020-05-18 21:18:32,854: registered with master
[rospy.rosout][INFO] 2020-05-18 21:18:32,854: initializing /rosout core topic
[rospy.rosout][INFO] 2020-05-18 21:18:32,857: connected to core topic /rosout
[rospy.simtime][INFO] 2020-05-18 21:18:32,859: initializing /clock core topic
[rospy.simtime][INFO] 2020-05-18 21:18:32,866: connected to core topic /clock
[rosout][WARNING] 2020-05-18 21:18:32,880: DEPRECATION warning: --shutdown-timeout has no effect.
[rosout][INFO] 2020-05-18 21:18:32,881: Controller Spawner: Waiting for service controller_manager/load_controller
[rospy.internal][INFO] 2020-05-18 21:18:33,083: topic[/rosout] adding connection to [/rosout], count 0
[rospy.internal][INFO] 2020-05-18 21:18:36,335: topic[/clock] adding connection to [http://rosdscomputer:41325/], count 0
[rosout][INFO] 2020-05-18 21:18:39,528: Controller Spawner: Waiting for service controller_manager/switch_controller
[rosout][INFO] 2020-05-18 21:18:39,530: Controller Spawner: Waiting for service controller_manager/unload_controller
[rosout][INFO] 2020-05-18 21:18:39,532: Loading controller: controller/twist
[rosout][INFO] 2020-05-18 21:18:39,818: Controller Spawner: Loaded controllers: controller/twist
[rosout][INFO] 2020-05-18 21:18:39,830: Started controllers: controller/twist
